
--------------------------------------------------
TXLib соболезнует...

Программа: C:\Users\Kirill\Documents\GitHub\SquareEquation\build.exe,

ВНЕЗАПНО: signal (22, 0x00): SIGABRT: Аварийное завершение программы, вызвана функция abort(). 

С помощью функции signal() вы можете сами обработать эту ошибку.

#1: TXLib [Ver: 00173a, Rev: 173, Date: 2024-06-23 22:37:05 +0400], Instance: 0x0045371C (32-bit), Flags: Cmdre0, Thread: 0x313C (Main). 

--------------------------------------------------
Стек вызовов:



--------------------------------------------------
Developed with:

The Dumb Artist Library (TX Library)
TXLib [Ver: 00173a, Rev: 173, Date: 2024-06-23 22:37:05 +0400]
Copyright (C) Ded (Ilya Dedinsky, http://txlib.ru) <mail@txlib.ru>
See license on: http://txlib.ru

TXLib file:	C:\Windows\SysWOW64\TX\TXLib.h
Compiled:	Aug 23 2024 15:45:52, GNU g++ 6.3.0, std=201402L, MinGW Runtime 5.0, 32-bit, DEBUG
Started:	Aug 23 2024 15:45:58

Run file:	C:\Users\Kirill\Documents\GitHub\SquareEquation\build.exe
Directory:	C:\Users\Kirill\Documents\GitHub\SquareEquation

--------------------------------------------------

--------------------------------------------------
TXLib соболезнует...

Программа: C:\Users\Kirill\Documents\GitHub\SquareEquation\build.exe,

ВНЕЗАПНО: signal (22, 0x00): SIGABRT: Аварийное завершение программы, вызвана функция abort(). 

С помощью функции signal() вы можете сами обработать эту ошибку.

#1: TXLib [Ver: 00173a, Rev: 173, Date: 2024-06-23 22:37:05 +0400], Instance: 0x0045371C (32-bit), Flags: Cmdre0, Thread: 0x464 (Main). 

--------------------------------------------------
Стек вызовов:



--------------------------------------------------
Developed with:

The Dumb Artist Library (TX Library)
TXLib [Ver: 00173a, Rev: 173, Date: 2024-06-23 22:37:05 +0400]
Copyright (C) Ded (Ilya Dedinsky, http://txlib.ru) <mail@txlib.ru>
See license on: http://txlib.ru

TXLib file:	C:\Windows\SysWOW64\TX\TXLib.h
Compiled:	Aug 23 2024 15:45:52, GNU g++ 6.3.0, std=201402L, MinGW Runtime 5.0, 32-bit, DEBUG
Started:	Aug 23 2024 15:46:21

Run file:	C:\Users\Kirill\Documents\GitHub\SquareEquation\build.exe
Directory:	C:\Users\Kirill\Documents\GitHub\SquareEquation

--------------------------------------------------

--------------------------------------------------
TXLib соболезнует...

Программа: C:\Users\Kirill\Documents\GitHub\SquareEquation\build.exe,

ВНЕЗАПНО: signal (22, 0x00): SIGABRT: Аварийное завершение программы, вызвана функция abort(). 

С помощью функции signal() вы можете сами обработать эту ошибку.

#1: TXLib [Ver: 00173a, Rev: 173, Date: 2024-06-23 22:37:05 +0400], Instance: 0x0045371C (32-bit), Flags: Cmdre0, Thread: 0x33D8 (Main). 

--------------------------------------------------
Стек вызовов:



--------------------------------------------------
Developed with:

The Dumb Artist Library (TX Library)
TXLib [Ver: 00173a, Rev: 173, Date: 2024-06-23 22:37:05 +0400]
Copyright (C) Ded (Ilya Dedinsky, http://txlib.ru) <mail@txlib.ru>
See license on: http://txlib.ru

TXLib file:	C:\Windows\SysWOW64\TX\TXLib.h
Compiled:	Aug 23 2024 15:47:02, GNU g++ 6.3.0, std=201402L, MinGW Runtime 5.0, 32-bit, DEBUG
Started:	Aug 23 2024 15:47:06

Run file:	C:\Users\Kirill\Documents\GitHub\SquareEquation\build.exe
Directory:	C:\Users\Kirill\Documents\GitHub\SquareEquation

--------------------------------------------------

--------------------------------------------------
TXLib соболезнует...

Программа: C:\Users\Kirill\Documents\GitHub\SquareEquation\build.exe,

ВНЕЗАПНО: signal (22, 0x00): SIGABRT: Аварийное завершение программы, вызвана функция abort(). 

С помощью функции signal() вы можете сами обработать эту ошибку.

#1: TXLib [Ver: 00173a, Rev: 173, Date: 2024-06-23 22:37:05 +0400], Instance: 0x0045371C (32-bit), Flags: Cmdre0, Thread: 0x205C (Main), errno: 9 (Bad file descriptor). 

--------------------------------------------------
Стек вызовов:



--------------------------------------------------
Developed with:

The Dumb Artist Library (TX Library)
TXLib [Ver: 00173a, Rev: 173, Date: 2024-06-23 22:37:05 +0400]
Copyright (C) Ded (Ilya Dedinsky, http://txlib.ru) <mail@txlib.ru>
See license on: http://txlib.ru

TXLib file:	C:\Windows\SysWOW64\TX\TXLib.h
Compiled:	Aug 23 2024 20:08:38, GNU g++ 6.3.0, std=201402L, MinGW Runtime 5.0, 32-bit, DEBUG
Started:	Aug 23 2024 20:09:56

Run file:	C:\Users\Kirill\Documents\GitHub\SquareEquation\build.exe
Directory:	C:\Users\Kirill\Documents\GitHub\SquareEquation

--------------------------------------------------

--------------------------------------------------
TXLib соболезнует...

Программа: C:\Users\Kirill\Documents\GitHub\SquareEquation\build.exe,

ВНЕЗАПНО: signal (22, 0x00): SIGABRT: Аварийное завершение программы, вызвана функция abort(). 

С помощью функции signal() вы можете сами обработать эту ошибку.

#1: TXLib [Ver: 00173a, Rev: 173, Date: 2024-06-23 22:37:05 +0400], Instance: 0x0045371C (32-bit), Flags: Cmdre0, Thread: 0xF28 (Main), errno: 9 (Bad file descriptor). 

--------------------------------------------------
Стек вызовов:



--------------------------------------------------
Developed with:

The Dumb Artist Library (TX Library)
TXLib [Ver: 00173a, Rev: 173, Date: 2024-06-23 22:37:05 +0400]
Copyright (C) Ded (Ilya Dedinsky, http://txlib.ru) <mail@txlib.ru>
See license on: http://txlib.ru

TXLib file:	C:\Windows\SysWOW64\TX\TXLib.h
Compiled:	Aug 23 2024 20:11:05, GNU g++ 6.3.0, std=201402L, MinGW Runtime 5.0, 32-bit, DEBUG
Started:	Aug 23 2024 20:11:10

Run file:	C:\Users\Kirill\Documents\GitHub\SquareEquation\build.exe
Directory:	C:\Users\Kirill\Documents\GitHub\SquareEquation

--------------------------------------------------

--------------------------------------------------
TXLib соболезнует...

Программа: C:\Users\Kirill\Documents\GitHub\SquareEquation\build.exe,

ВНЕЗАПНО: signal (22, 0x00): SIGABRT: Аварийное завершение программы, вызвана функция abort(). 

С помощью функции signal() вы можете сами обработать эту ошибку.

#1: TXLib [Ver: 00173a, Rev: 173, Date: 2024-06-23 22:37:05 +0400], Instance: 0x0045371C (32-bit), Flags: Cmdre0, Thread: 0x40A0 (Main), errno: 9 (Bad file descriptor). 

--------------------------------------------------
Стек вызовов:



--------------------------------------------------
Developed with:

The Dumb Artist Library (TX Library)
TXLib [Ver: 00173a, Rev: 173, Date: 2024-06-23 22:37:05 +0400]
Copyright (C) Ded (Ilya Dedinsky, http://txlib.ru) <mail@txlib.ru>
See license on: http://txlib.ru

TXLib file:	C:\Windows\SysWOW64\TX\TXLib.h
Compiled:	Aug 23 2024 20:11:05, GNU g++ 6.3.0, std=201402L, MinGW Runtime 5.0, 32-bit, DEBUG
Started:	Aug 23 2024 20:11:23

Run file:	C:\Users\Kirill\Documents\GitHub\SquareEquation\build.exe
Directory:	C:\Users\Kirill\Documents\GitHub\SquareEquation

--------------------------------------------------

--------------------------------------------------
TXLib соболезнует...

Программа: C:\Users\Kirill\Documents\GitHub\SquareEquation\build.exe,

ВНЕЗАПНО: signal (22, 0x00): SIGABRT: Аварийное завершение программы, вызвана функция abort(). 

С помощью функции signal() вы можете сами обработать эту ошибку.

#1: TXLib [Ver: 00173a, Rev: 173, Date: 2024-06-23 22:37:05 +0400], Instance: 0x0045371C (32-bit), Flags: Cmdre0, Thread: 0x5F90 (Main), errno: 9 (Bad file descriptor). 

--------------------------------------------------
Стек вызовов:



--------------------------------------------------
Developed with:

The Dumb Artist Library (TX Library)
TXLib [Ver: 00173a, Rev: 173, Date: 2024-06-23 22:37:05 +0400]
Copyright (C) Ded (Ilya Dedinsky, http://txlib.ru) <mail@txlib.ru>
See license on: http://txlib.ru

TXLib file:	C:\Windows\SysWOW64\TX\TXLib.h
Compiled:	Aug 23 2024 20:11:05, GNU g++ 6.3.0, std=201402L, MinGW Runtime 5.0, 32-bit, DEBUG
Started:	Aug 23 2024 20:21:43

Run file:	C:\Users\Kirill\Documents\GitHub\SquareEquation\build.exe
Directory:	C:\Users\Kirill\Documents\GitHub\SquareEquation

--------------------------------------------------

--------------------------------------------------
TXLib соболезнует...

Программа: C:\Users\Kirill\Documents\GitHub\SquareEquation\build.exe,

ВНЕЗАПНО: signal (22, 0x00): SIGABRT: Аварийное завершение программы, вызвана функция abort(). 

С помощью функции signal() вы можете сами обработать эту ошибку.

#1: TXLib [Ver: 00173a, Rev: 173, Date: 2024-06-23 22:37:05 +0400], Instance: 0x0045371C (32-bit), Flags: Cmdre0, Thread: 0x5A8C (Main), errno: 9 (Bad file descriptor). 

--------------------------------------------------
Стек вызовов:



--------------------------------------------------
Developed with:

The Dumb Artist Library (TX Library)
TXLib [Ver: 00173a, Rev: 173, Date: 2024-06-23 22:37:05 +0400]
Copyright (C) Ded (Ilya Dedinsky, http://txlib.ru) <mail@txlib.ru>
See license on: http://txlib.ru

TXLib file:	C:\Windows\SysWOW64\TX\TXLib.h
Compiled:	Aug 23 2024 20:11:05, GNU g++ 6.3.0, std=201402L, MinGW Runtime 5.0, 32-bit, DEBUG
Started:	Aug 23 2024 20:21:59

Run file:	C:\Users\Kirill\Documents\GitHub\SquareEquation\build.exe
Directory:	C:\Users\Kirill\Documents\GitHub\SquareEquation

--------------------------------------------------

--------------------------------------------------
TXLib соболезнует...

Программа: C:\Users\Kirill\Documents\GitHub\SquareEquation\build.exe,

ВНЕЗАПНО: signal (22, 0x00): SIGABRT: Аварийное завершение программы, вызвана функция abort(). 

С помощью функции signal() вы можете сами обработать эту ошибку.

#1: TXLib [Ver: 00173a, Rev: 173, Date: 2024-06-23 22:37:05 +0400], Instance: 0x0045371C (32-bit), Flags: Cmdre0, Thread: 0x3CD4 (Main), errno: 9 (Bad file descriptor). 

--------------------------------------------------
Стек вызовов:



--------------------------------------------------
Developed with:

The Dumb Artist Library (TX Library)
TXLib [Ver: 00173a, Rev: 173, Date: 2024-06-23 22:37:05 +0400]
Copyright (C) Ded (Ilya Dedinsky, http://txlib.ru) <mail@txlib.ru>
See license on: http://txlib.ru

TXLib file:	C:\Windows\SysWOW64\TX\TXLib.h
Compiled:	Aug 23 2024 20:26:02, GNU g++ 6.3.0, std=201402L, MinGW Runtime 5.0, 32-bit, DEBUG
Started:	Aug 23 2024 20:26:06

Run file:	C:\Users\Kirill\Documents\GitHub\SquareEquation\build.exe
Directory:	C:\Users\Kirill\Documents\GitHub\SquareEquation

--------------------------------------------------

--------------------------------------------------
TXLib соболезнует...

Программа: C:\Users\Kirill\Documents\GitHub\SquareEquation\build.exe,

ВНЕЗАПНО: signal (22, 0x00): SIGABRT: Аварийное завершение программы, вызвана функция abort(). 

С помощью функции signal() вы можете сами обработать эту ошибку.

#1: TXLib [Ver: 00173a, Rev: 173, Date: 2024-06-23 22:37:05 +0400], Instance: 0x0045371C (32-bit), Flags: Cmdre0, Thread: 0x5FB8 (Main), errno: 9 (Bad file descriptor). 

--------------------------------------------------
Стек вызовов:



--------------------------------------------------
Developed with:

The Dumb Artist Library (TX Library)
TXLib [Ver: 00173a, Rev: 173, Date: 2024-06-23 22:37:05 +0400]
Copyright (C) Ded (Ilya Dedinsky, http://txlib.ru) <mail@txlib.ru>
See license on: http://txlib.ru

TXLib file:	C:\Windows\SysWOW64\TX\TXLib.h
Compiled:	Aug 23 2024 20:26:02, GNU g++ 6.3.0, std=201402L, MinGW Runtime 5.0, 32-bit, DEBUG
Started:	Aug 23 2024 20:26:16

Run file:	C:\Users\Kirill\Documents\GitHub\SquareEquation\build.exe
Directory:	C:\Users\Kirill\Documents\GitHub\SquareEquation

--------------------------------------------------

--------------------------------------------------
TXLib соболезнует...

Программа: C:\Users\Kirill\Documents\GitHub\SquareEquation\build.exe,

ВНЕЗАПНО: signal (22, 0x00): SIGABRT: Аварийное завершение программы, вызвана функция abort(). 

С помощью функции signal() вы можете сами обработать эту ошибку.

#1: TXLib [Ver: 00173a, Rev: 173, Date: 2024-06-23 22:37:05 +0400], Instance: 0x0045371C (32-bit), Flags: Cmdre0, Thread: 0x16B0 (Main), errno: 9 (Bad file descriptor). 

--------------------------------------------------
Стек вызовов:



--------------------------------------------------
Developed with:

The Dumb Artist Library (TX Library)
TXLib [Ver: 00173a, Rev: 173, Date: 2024-06-23 22:37:05 +0400]
Copyright (C) Ded (Ilya Dedinsky, http://txlib.ru) <mail@txlib.ru>
See license on: http://txlib.ru

TXLib file:	C:\Windows\SysWOW64\TX\TXLib.h
Compiled:	Aug 23 2024 20:26:02, GNU g++ 6.3.0, std=201402L, MinGW Runtime 5.0, 32-bit, DEBUG
Started:	Aug 23 2024 20:30:56

Run file:	C:\Users\Kirill\Documents\GitHub\SquareEquation\build.exe
Directory:	C:\Users\Kirill\Documents\GitHub\SquareEquation

--------------------------------------------------

--------------------------------------------------
TXLib соболезнует...

Программа: C:\Users\Kirill\Documents\GitHub\SquareEquation\build.exe,

ВНЕЗАПНО: signal (22, 0x00): SIGABRT: Аварийное завершение программы, вызвана функция abort(). 

С помощью функции signal() вы можете сами обработать эту ошибку.

#1: TXLib [Ver: 00173a, Rev: 173, Date: 2024-06-23 22:37:05 +0400], Instance: 0x0045371C (32-bit), Flags: Cmdre0, Thread: 0x5A34 (Main), errno: 9 (Bad file descriptor). 

--------------------------------------------------
Стек вызовов:



--------------------------------------------------
Developed with:

The Dumb Artist Library (TX Library)
TXLib [Ver: 00173a, Rev: 173, Date: 2024-06-23 22:37:05 +0400]
Copyright (C) Ded (Ilya Dedinsky, http://txlib.ru) <mail@txlib.ru>
See license on: http://txlib.ru

TXLib file:	C:\Windows\SysWOW64\TX\TXLib.h
Compiled:	Aug 23 2024 20:26:02, GNU g++ 6.3.0, std=201402L, MinGW Runtime 5.0, 32-bit, DEBUG
Started:	Aug 23 2024 20:31:34

Run file:	C:\Users\Kirill\Documents\GitHub\SquareEquation\build.exe
Directory:	C:\Users\Kirill\Documents\GitHub\SquareEquation

--------------------------------------------------

--------------------------------------------------
TXLib соболезнует...

Программа: C:\Users\Kirill\Documents\GitHub\SquareEquation\build.exe,

ВНЕЗАПНО: signal (22, 0x00): SIGABRT: Аварийное завершение программы, вызвана функция abort(). 

С помощью функции signal() вы можете сами обработать эту ошибку.

#1: TXLib [Ver: 00173a, Rev: 173, Date: 2024-06-23 22:37:05 +0400], Instance: 0x0045371C (32-bit), Flags: Cmdre0, Thread: 0x59B4 (Main), errno: 9 (Bad file descriptor). 

--------------------------------------------------
Стек вызовов:



--------------------------------------------------
Developed with:

The Dumb Artist Library (TX Library)
TXLib [Ver: 00173a, Rev: 173, Date: 2024-06-23 22:37:05 +0400]
Copyright (C) Ded (Ilya Dedinsky, http://txlib.ru) <mail@txlib.ru>
See license on: http://txlib.ru

TXLib file:	C:\Windows\SysWOW64\TX\TXLib.h
Compiled:	Aug 23 2024 20:32:18, GNU g++ 6.3.0, std=201402L, MinGW Runtime 5.0, 32-bit, DEBUG
Started:	Aug 23 2024 20:32:21

Run file:	C:\Users\Kirill\Documents\GitHub\SquareEquation\build.exe
Directory:	C:\Users\Kirill\Documents\GitHub\SquareEquation

--------------------------------------------------

--------------------------------------------------
TXLib соболезнует...

Программа: C:\Users\Kirill\Documents\GitHub\SquareEquation\build.exe,

ВНЕЗАПНО: signal (22, 0x00): SIGABRT: Аварийное завершение программы, вызвана функция abort(). 

С помощью функции signal() вы можете сами обработать эту ошибку.

#1: TXLib [Ver: 00173a, Rev: 173, Date: 2024-06-23 22:37:05 +0400], Instance: 0x0045371C (32-bit), Flags: Cmdre0, Thread: 0x34C0 (Main), errno: 9 (Bad file descriptor). 

--------------------------------------------------
Стек вызовов:



--------------------------------------------------
Developed with:

The Dumb Artist Library (TX Library)
TXLib [Ver: 00173a, Rev: 173, Date: 2024-06-23 22:37:05 +0400]
Copyright (C) Ded (Ilya Dedinsky, http://txlib.ru) <mail@txlib.ru>
See license on: http://txlib.ru

TXLib file:	C:\Windows\SysWOW64\TX\TXLib.h
Compiled:	Aug 23 2024 20:33:20, GNU g++ 6.3.0, std=201402L, MinGW Runtime 5.0, 32-bit, DEBUG
Started:	Aug 23 2024 20:34:01

Run file:	C:\Users\Kirill\Documents\GitHub\SquareEquation\build.exe
Directory:	C:\Users\Kirill\Documents\GitHub\SquareEquation

--------------------------------------------------

--------------------------------------------------
TXLib соболезнует...

Программа: C:\Users\Kirill\Documents\GitHub\SquareEquation\build.exe,

ВНЕЗАПНО: signal (22, 0x00): SIGABRT: Аварийное завершение программы, вызвана функция abort(). 

С помощью функции signal() вы можете сами обработать эту ошибку.

#1: TXLib [Ver: 00173a, Rev: 173, Date: 2024-06-23 22:37:05 +0400], Instance: 0x0045371C (32-bit), Flags: Cmdre0, Thread: 0x1FD0 (Main), errno: 9 (Bad file descriptor). 

--------------------------------------------------
Стек вызовов:



--------------------------------------------------
Developed with:

The Dumb Artist Library (TX Library)
TXLib [Ver: 00173a, Rev: 173, Date: 2024-06-23 22:37:05 +0400]
Copyright (C) Ded (Ilya Dedinsky, http://txlib.ru) <mail@txlib.ru>
See license on: http://txlib.ru

TXLib file:	C:\Windows\SysWOW64\TX\TXLib.h
Compiled:	Aug 23 2024 20:39:38, GNU g++ 6.3.0, std=201402L, MinGW Runtime 5.0, 32-bit, DEBUG
Started:	Aug 23 2024 20:39:43

Run file:	C:\Users\Kirill\Documents\GitHub\SquareEquation\build.exe
Directory:	C:\Users\Kirill\Documents\GitHub\SquareEquation

--------------------------------------------------

--------------------------------------------------
TXLib соболезнует...

Программа: C:\Users\Kirill\Documents\GitHub\SquareEquation\build.exe,

ВНЕЗАПНО: signal (22, 0x00): SIGABRT: Аварийное завершение программы, вызвана функция abort(). 

С помощью функции signal() вы можете сами обработать эту ошибку.

#1: TXLib [Ver: 00173a, Rev: 173, Date: 2024-06-23 22:37:05 +0400], Instance: 0x0045371C (32-bit), Flags: Cmdre0, Thread: 0x5340 (Main), errno: 9 (Bad file descriptor). 

--------------------------------------------------
Стек вызовов:



--------------------------------------------------
Developed with:

The Dumb Artist Library (TX Library)
TXLib [Ver: 00173a, Rev: 173, Date: 2024-06-23 22:37:05 +0400]
Copyright (C) Ded (Ilya Dedinsky, http://txlib.ru) <mail@txlib.ru>
See license on: http://txlib.ru

TXLib file:	C:\Windows\SysWOW64\TX\TXLib.h
Compiled:	Aug 23 2024 20:39:38, GNU g++ 6.3.0, std=201402L, MinGW Runtime 5.0, 32-bit, DEBUG
Started:	Aug 23 2024 20:41:29

Run file:	C:\Users\Kirill\Documents\GitHub\SquareEquation\build.exe
Directory:	C:\Users\Kirill\Documents\GitHub\SquareEquation

--------------------------------------------------

--------------------------------------------------
TXLib соболезнует...

Программа: C:\Users\Kirill\Documents\GitHub\SquareEquation\build.exe,

ВНЕЗАПНО: signal (22, 0x00): SIGABRT: Аварийное завершение программы, вызвана функция abort(). 

С помощью функции signal() вы можете сами обработать эту ошибку.

#1: TXLib [Ver: 00173a, Rev: 173, Date: 2024-06-23 22:37:05 +0400], Instance: 0x0045371C (32-bit), Flags: Cmdre0, Thread: 0x3F1C (Main), errno: 9 (Bad file descriptor). 

--------------------------------------------------
Стек вызовов:



--------------------------------------------------
Developed with:

The Dumb Artist Library (TX Library)
TXLib [Ver: 00173a, Rev: 173, Date: 2024-06-23 22:37:05 +0400]
Copyright (C) Ded (Ilya Dedinsky, http://txlib.ru) <mail@txlib.ru>
See license on: http://txlib.ru

TXLib file:	C:\Windows\SysWOW64\TX\TXLib.h
Compiled:	Aug 23 2024 20:39:38, GNU g++ 6.3.0, std=201402L, MinGW Runtime 5.0, 32-bit, DEBUG
Started:	Aug 23 2024 20:43:02

Run file:	C:\Users\Kirill\Documents\GitHub\SquareEquation\build.exe
Directory:	C:\Users\Kirill\Documents\GitHub\SquareEquation

--------------------------------------------------

--------------------------------------------------
TXLib соболезнует...

Программа: C:\Users\Kirill\Documents\GitHub\SquareEquation\build.exe,

ВНЕЗАПНО: signal (22, 0x00): SIGABRT: Аварийное завершение программы, вызвана функция abort(). 

С помощью функции signal() вы можете сами обработать эту ошибку.

#1: TXLib [Ver: 00173a, Rev: 173, Date: 2024-06-23 22:37:05 +0400], Instance: 0x0045371C (32-bit), Flags: Cmdre0, Thread: 0x5D84 (Main), errno: 9 (Bad file descriptor). 

--------------------------------------------------
Стек вызовов:



--------------------------------------------------
Developed with:

The Dumb Artist Library (TX Library)
TXLib [Ver: 00173a, Rev: 173, Date: 2024-06-23 22:37:05 +0400]
Copyright (C) Ded (Ilya Dedinsky, http://txlib.ru) <mail@txlib.ru>
See license on: http://txlib.ru

TXLib file:	C:\Windows\SysWOW64\TX\TXLib.h
Compiled:	Aug 23 2024 20:58:11, GNU g++ 6.3.0, std=201402L, MinGW Runtime 5.0, 32-bit, DEBUG
Started:	Aug 23 2024 20:58:44

Run file:	C:\Users\Kirill\Documents\GitHub\SquareEquation\build.exe
Directory:	C:\Users\Kirill\Documents\GitHub\SquareEquation

--------------------------------------------------

--------------------------------------------------
TXLib соболезнует...

Программа: C:\Users\Kirill\Documents\GitHub\SquareEquation\build.exe,

ВНЕЗАПНО: signal (22, 0x00): SIGABRT: Аварийное завершение программы, вызвана функция abort(). 

С помощью функции signal() вы можете сами обработать эту ошибку.

#1: TXLib [Ver: 00173a, Rev: 173, Date: 2024-06-23 22:37:05 +0400], Instance: 0x0045371C (32-bit), Flags: Cmdre0, Thread: 0x4798 (Main), errno: 9 (Bad file descriptor). 

--------------------------------------------------
Стек вызовов:



--------------------------------------------------
Developed with:

The Dumb Artist Library (TX Library)
TXLib [Ver: 00173a, Rev: 173, Date: 2024-06-23 22:37:05 +0400]
Copyright (C) Ded (Ilya Dedinsky, http://txlib.ru) <mail@txlib.ru>
See license on: http://txlib.ru

TXLib file:	C:\Windows\SysWOW64\TX\TXLib.h
Compiled:	Aug 23 2024 20:58:11, GNU g++ 6.3.0, std=201402L, MinGW Runtime 5.0, 32-bit, DEBUG
Started:	Aug 23 2024 20:59:27

Run file:	C:\Users\Kirill\Documents\GitHub\SquareEquation\build.exe
Directory:	C:\Users\Kirill\Documents\GitHub\SquareEquation

--------------------------------------------------

--------------------------------------------------
TXLib соболезнует...

Программа: C:\Users\Kirill\Documents\GitHub\SquareEquation\build.exe,

ВНЕЗАПНО: signal (22, 0x00): SIGABRT: Аварийное завершение программы, вызвана функция abort(). 

С помощью функции signal() вы можете сами обработать эту ошибку.

#1: TXLib [Ver: 00173a, Rev: 173, Date: 2024-06-23 22:37:05 +0400], Instance: 0x0045371C (32-bit), Flags: Cmdre0, Thread: 0x5A80 (Main), errno: 9 (Bad file descriptor). 

--------------------------------------------------
Стек вызовов:



--------------------------------------------------
Developed with:

The Dumb Artist Library (TX Library)
TXLib [Ver: 00173a, Rev: 173, Date: 2024-06-23 22:37:05 +0400]
Copyright (C) Ded (Ilya Dedinsky, http://txlib.ru) <mail@txlib.ru>
See license on: http://txlib.ru

TXLib file:	C:\Windows\SysWOW64\TX\TXLib.h
Compiled:	Aug 23 2024 20:58:11, GNU g++ 6.3.0, std=201402L, MinGW Runtime 5.0, 32-bit, DEBUG
Started:	Aug 23 2024 21:01:15

Run file:	C:\Users\Kirill\Documents\GitHub\SquareEquation\build.exe
Directory:	C:\Users\Kirill\Documents\GitHub\SquareEquation

--------------------------------------------------

--------------------------------------------------
TXLib соболезнует...

Программа: C:\Users\Kirill\Documents\GitHub\SquareEquation\build.exe,

ВНЕЗАПНО: signal (22, 0x00): SIGABRT: Аварийное завершение программы, вызвана функция abort(). 

С помощью функции signal() вы можете сами обработать эту ошибку.

#1: TXLib [Ver: 00173a, Rev: 173, Date: 2024-06-23 22:37:05 +0400], Instance: 0x0045371C (32-bit), Flags: Cmdre0, Thread: 0x5844 (Main), errno: 9 (Bad file descriptor). 

--------------------------------------------------
Стек вызовов:



--------------------------------------------------
Developed with:

The Dumb Artist Library (TX Library)
TXLib [Ver: 00173a, Rev: 173, Date: 2024-06-23 22:37:05 +0400]
Copyright (C) Ded (Ilya Dedinsky, http://txlib.ru) <mail@txlib.ru>
See license on: http://txlib.ru

TXLib file:	C:\Windows\SysWOW64\TX\TXLib.h
Compiled:	Aug 23 2024 21:07:36, GNU g++ 6.3.0, std=201402L, MinGW Runtime 5.0, 32-bit, DEBUG
Started:	Aug 23 2024 21:09:05

Run file:	C:\Users\Kirill\Documents\GitHub\SquareEquation\build.exe
Directory:	C:\Users\Kirill\Documents\GitHub\SquareEquation

--------------------------------------------------

--------------------------------------------------
TXLib соболезнует...

Программа: C:\Users\Kirill\Documents\GitHub\SquareEquation\build.exe,

ВНЕЗАПНО: signal (22, 0x00): SIGABRT: Аварийное завершение программы, вызвана функция abort(). 

С помощью функции signal() вы можете сами обработать эту ошибку.

#1: TXLib [Ver: 00173a, Rev: 173, Date: 2024-06-23 22:37:05 +0400], Instance: 0x0045371C (32-bit), Flags: Cmdre0, Thread: 0x3638 (Main), errno: 9 (Bad file descriptor). 

--------------------------------------------------
Стек вызовов:



--------------------------------------------------
Developed with:

The Dumb Artist Library (TX Library)
TXLib [Ver: 00173a, Rev: 173, Date: 2024-06-23 22:37:05 +0400]
Copyright (C) Ded (Ilya Dedinsky, http://txlib.ru) <mail@txlib.ru>
See license on: http://txlib.ru

TXLib file:	C:\Windows\SysWOW64\TX\TXLib.h
Compiled:	Aug 23 2024 21:07:36, GNU g++ 6.3.0, std=201402L, MinGW Runtime 5.0, 32-bit, DEBUG
Started:	Aug 23 2024 21:17:59

Run file:	C:\Users\Kirill\Documents\GitHub\SquareEquation\build.exe
Directory:	C:\Users\Kirill\Documents\GitHub\SquareEquation

--------------------------------------------------

--------------------------------------------------
TXLib соболезнует...

Программа: C:\Users\Kirill\Documents\GitHub\SquareEquation\build.exe,

ВНЕЗАПНО: signal (22, 0x00): SIGABRT: Аварийное завершение программы, вызвана функция abort(). 

С помощью функции signal() вы можете сами обработать эту ошибку.

#1: TXLib [Ver: 00173a, Rev: 173, Date: 2024-06-23 22:37:05 +0400], Instance: 0x0045371C (32-bit), Flags: Cmdre0, Thread: 0x5DB0 (Main), errno: 9 (Bad file descriptor). 

--------------------------------------------------
Стек вызовов:



--------------------------------------------------
Developed with:

The Dumb Artist Library (TX Library)
TXLib [Ver: 00173a, Rev: 173, Date: 2024-06-23 22:37:05 +0400]
Copyright (C) Ded (Ilya Dedinsky, http://txlib.ru) <mail@txlib.ru>
See license on: http://txlib.ru

TXLib file:	C:\Windows\SysWOW64\TX\TXLib.h
Compiled:	Aug 23 2024 21:07:36, GNU g++ 6.3.0, std=201402L, MinGW Runtime 5.0, 32-bit, DEBUG
Started:	Aug 23 2024 21:18:22

Run file:	C:\Users\Kirill\Documents\GitHub\SquareEquation\build.exe
Directory:	C:\Users\Kirill\Documents\GitHub\SquareEquation

--------------------------------------------------

--------------------------------------------------
TXLib соболезнует...

Программа: C:\Users\Kirill\Documents\GitHub\SquareEquation\build.exe,

ВНЕЗАПНО: signal (22, 0x00): SIGABRT: Аварийное завершение программы, вызвана функция abort(). 

С помощью функции signal() вы можете сами обработать эту ошибку.

#1: TXLib [Ver: 00173a, Rev: 173, Date: 2024-06-23 22:37:05 +0400], Instance: 0x0045371C (32-bit), Flags: Cmdre0, Thread: 0x5504 (Main), errno: 9 (Bad file descriptor). 

--------------------------------------------------
Стек вызовов:



--------------------------------------------------
Developed with:

The Dumb Artist Library (TX Library)
TXLib [Ver: 00173a, Rev: 173, Date: 2024-06-23 22:37:05 +0400]
Copyright (C) Ded (Ilya Dedinsky, http://txlib.ru) <mail@txlib.ru>
See license on: http://txlib.ru

TXLib file:	C:\Windows\SysWOW64\TX\TXLib.h
Compiled:	Aug 23 2024 21:07:36, GNU g++ 6.3.0, std=201402L, MinGW Runtime 5.0, 32-bit, DEBUG
Started:	Aug 23 2024 21:18:50

Run file:	C:\Users\Kirill\Documents\GitHub\SquareEquation\build.exe
Directory:	C:\Users\Kirill\Documents\GitHub\SquareEquation

--------------------------------------------------

--------------------------------------------------
TXLib соболезнует...

Программа: C:\Users\Kirill\Documents\GitHub\SquareEquation\build.exe,

ВНЕЗАПНО: signal (22, 0x00): SIGABRT: Аварийное завершение программы, вызвана функция abort(). 

С помощью функции signal() вы можете сами обработать эту ошибку.

#1: TXLib [Ver: 00173a, Rev: 173, Date: 2024-06-23 22:37:05 +0400], Instance: 0x0045371C (32-bit), Flags: Cmdre0, Thread: 0x5ED4 (Main), errno: 9 (Bad file descriptor). 

--------------------------------------------------
Стек вызовов:



--------------------------------------------------
Developed with:

The Dumb Artist Library (TX Library)
TXLib [Ver: 00173a, Rev: 173, Date: 2024-06-23 22:37:05 +0400]
Copyright (C) Ded (Ilya Dedinsky, http://txlib.ru) <mail@txlib.ru>
See license on: http://txlib.ru

TXLib file:	C:\Windows\SysWOW64\TX\TXLib.h
Compiled:	Aug 23 2024 21:07:36, GNU g++ 6.3.0, std=201402L, MinGW Runtime 5.0, 32-bit, DEBUG
Started:	Aug 23 2024 21:19:18

Run file:	C:\Users\Kirill\Documents\GitHub\SquareEquation\build.exe
Directory:	C:\Users\Kirill\Documents\GitHub\SquareEquation

--------------------------------------------------

--------------------------------------------------
TXLib соболезнует...

Программа: C:\Users\Kirill\Documents\GitHub\SquareEquation\build.exe,

ВНЕЗАПНО: signal (22, 0x00): SIGABRT: Аварийное завершение программы, вызвана функция abort(). 

С помощью функции signal() вы можете сами обработать эту ошибку.

#1: TXLib [Ver: 00173a, Rev: 173, Date: 2024-06-23 22:37:05 +0400], Instance: 0x0045371C (32-bit), Flags: Cmdre0, Thread: 0x32E8 (Main), errno: 9 (Bad file descriptor). 

--------------------------------------------------
Стек вызовов:



--------------------------------------------------
Developed with:

The Dumb Artist Library (TX Library)
TXLib [Ver: 00173a, Rev: 173, Date: 2024-06-23 22:37:05 +0400]
Copyright (C) Ded (Ilya Dedinsky, http://txlib.ru) <mail@txlib.ru>
See license on: http://txlib.ru

TXLib file:	C:\Windows\SysWOW64\TX\TXLib.h
Compiled:	Aug 23 2024 21:07:36, GNU g++ 6.3.0, std=201402L, MinGW Runtime 5.0, 32-bit, DEBUG
Started:	Aug 23 2024 21:23:47

Run file:	C:\Users\Kirill\Documents\GitHub\SquareEquation\build.exe
Directory:	C:\Users\Kirill\Documents\GitHub\SquareEquation

--------------------------------------------------

--------------------------------------------------
TXLib соболезнует...

Программа: C:\Users\Kirill\Documents\GitHub\SquareEquation\build.exe,

ВНЕЗАПНО: signal (22, 0x00): SIGABRT: Аварийное завершение программы, вызвана функция abort(). 

С помощью функции signal() вы можете сами обработать эту ошибку.

#1: TXLib [Ver: 00173a, Rev: 173, Date: 2024-06-23 22:37:05 +0400], Instance: 0x0045371C (32-bit), Flags: Cmdre0, Thread: 0x2B04 (Main), errno: 9 (Bad file descriptor). 

--------------------------------------------------
Стек вызовов:



--------------------------------------------------
Developed with:

The Dumb Artist Library (TX Library)
TXLib [Ver: 00173a, Rev: 173, Date: 2024-06-23 22:37:05 +0400]
Copyright (C) Ded (Ilya Dedinsky, http://txlib.ru) <mail@txlib.ru>
See license on: http://txlib.ru

TXLib file:	C:\Windows\SysWOW64\TX\TXLib.h
Compiled:	Aug 23 2024 21:07:36, GNU g++ 6.3.0, std=201402L, MinGW Runtime 5.0, 32-bit, DEBUG
Started:	Aug 23 2024 21:24:48

Run file:	C:\Users\Kirill\Documents\GitHub\SquareEquation\build.exe
Directory:	C:\Users\Kirill\Documents\GitHub\SquareEquation

--------------------------------------------------

--------------------------------------------------
TXLib соболезнует...

Программа: C:\Users\Kirill\Documents\GitHub\SquareEquation\build.exe,

ВНЕЗАПНО: signal (22, 0x00): SIGABRT: Аварийное завершение программы, вызвана функция abort(). 

С помощью функции signal() вы можете сами обработать эту ошибку.

#1: TXLib [Ver: 00173a, Rev: 173, Date: 2024-06-23 22:37:05 +0400], Instance: 0x0045371C (32-bit), Flags: Cmdre0, Thread: 0x531C (Main), errno: 9 (Bad file descriptor). 

--------------------------------------------------
Стек вызовов:



--------------------------------------------------
Developed with:

The Dumb Artist Library (TX Library)
TXLib [Ver: 00173a, Rev: 173, Date: 2024-06-23 22:37:05 +0400]
Copyright (C) Ded (Ilya Dedinsky, http://txlib.ru) <mail@txlib.ru>
See license on: http://txlib.ru

TXLib file:	C:\Windows\SysWOW64\TX\TXLib.h
Compiled:	Aug 23 2024 21:07:36, GNU g++ 6.3.0, std=201402L, MinGW Runtime 5.0, 32-bit, DEBUG
Started:	Aug 23 2024 21:25:56

Run file:	C:\Users\Kirill\Documents\GitHub\SquareEquation\build.exe
Directory:	C:\Users\Kirill\Documents\GitHub\SquareEquation

--------------------------------------------------

--------------------------------------------------
TXLib соболезнует...

Программа: C:\Users\Kirill\Documents\GitHub\SquareEquation\build.exe,

ВНЕЗАПНО: signal (22, 0x00): SIGABRT: Аварийное завершение программы, вызвана функция abort(). 

С помощью функции signal() вы можете сами обработать эту ошибку.

#1: TXLib [Ver: 00173a, Rev: 173, Date: 2024-06-23 22:37:05 +0400], Instance: 0x0045371C (32-bit), Flags: Cmdre0, Thread: 0x1EC0 (Main), errno: 9 (Bad file descriptor). 

--------------------------------------------------
Стек вызовов:



--------------------------------------------------
Developed with:

The Dumb Artist Library (TX Library)
TXLib [Ver: 00173a, Rev: 173, Date: 2024-06-23 22:37:05 +0400]
Copyright (C) Ded (Ilya Dedinsky, http://txlib.ru) <mail@txlib.ru>
See license on: http://txlib.ru

TXLib file:	C:\Windows\SysWOW64\TX\TXLib.h
Compiled:	Aug 23 2024 21:26:20, GNU g++ 6.3.0, std=201402L, MinGW Runtime 5.0, 32-bit, DEBUG
Started:	Aug 23 2024 21:26:25

Run file:	C:\Users\Kirill\Documents\GitHub\SquareEquation\build.exe
Directory:	C:\Users\Kirill\Documents\GitHub\SquareEquation

--------------------------------------------------

--------------------------------------------------
TXLib соболезнует...

Программа: C:\Users\Kirill\Documents\GitHub\SquareEquation\build.exe,

ВНЕЗАПНО: signal (22, 0x00): SIGABRT: Аварийное завершение программы, вызвана функция abort(). 

С помощью функции signal() вы можете сами обработать эту ошибку.

#1: TXLib [Ver: 00173a, Rev: 173, Date: 2024-06-23 22:37:05 +0400], Instance: 0x0045371C (32-bit), Flags: Cmdre0, Thread: 0x2CE0 (Main), errno: 9 (Bad file descriptor). 

--------------------------------------------------
Стек вызовов:



--------------------------------------------------
Developed with:

The Dumb Artist Library (TX Library)
TXLib [Ver: 00173a, Rev: 173, Date: 2024-06-23 22:37:05 +0400]
Copyright (C) Ded (Ilya Dedinsky, http://txlib.ru) <mail@txlib.ru>
See license on: http://txlib.ru

TXLib file:	C:\Windows\SysWOW64\TX\TXLib.h
Compiled:	Aug 23 2024 21:26:20, GNU g++ 6.3.0, std=201402L, MinGW Runtime 5.0, 32-bit, DEBUG
Started:	Aug 23 2024 21:27:02

Run file:	C:\Users\Kirill\Documents\GitHub\SquareEquation\build.exe
Directory:	C:\Users\Kirill\Documents\GitHub\SquareEquation

--------------------------------------------------

--------------------------------------------------
TXLib соболезнует...

Программа: C:\Users\Kirill\Documents\GitHub\SquareEquation\build.exe,

ВНЕЗАПНО: signal (22, 0x00): SIGABRT: Аварийное завершение программы, вызвана функция abort(). 

С помощью функции signal() вы можете сами обработать эту ошибку.

#1: TXLib [Ver: 00173a, Rev: 173, Date: 2024-06-23 22:37:05 +0400], Instance: 0x0045371C (32-bit), Flags: Cmdre0, Thread: 0x9A8 (Main), errno: 9 (Bad file descriptor). 

--------------------------------------------------
Стек вызовов:



--------------------------------------------------
Developed with:

The Dumb Artist Library (TX Library)
TXLib [Ver: 00173a, Rev: 173, Date: 2024-06-23 22:37:05 +0400]
Copyright (C) Ded (Ilya Dedinsky, http://txlib.ru) <mail@txlib.ru>
See license on: http://txlib.ru

TXLib file:	C:\Windows\SysWOW64\TX\TXLib.h
Compiled:	Aug 23 2024 21:43:48, GNU g++ 6.3.0, std=201402L, MinGW Runtime 5.0, 32-bit, DEBUG
Started:	Aug 23 2024 21:44:17

Run file:	C:\Users\Kirill\Documents\GitHub\SquareEquation\build.exe
Directory:	C:\Users\Kirill\Documents\GitHub\SquareEquation

--------------------------------------------------

--------------------------------------------------
TXLib соболезнует...

Программа: C:\Users\Kirill\Documents\GitHub\SquareEquation\build.exe,

ВНЕЗАПНО: signal (22, 0x00): SIGABRT: Аварийное завершение программы, вызвана функция abort(). 

С помощью функции signal() вы можете сами обработать эту ошибку.

#1: TXLib [Ver: 00173a, Rev: 173, Date: 2024-06-23 22:37:05 +0400], Instance: 0x0045371C (32-bit), Flags: Cmdre0, Thread: 0x5744 (Main), errno: 9 (Bad file descriptor). 

--------------------------------------------------
Стек вызовов:



--------------------------------------------------
Developed with:

The Dumb Artist Library (TX Library)
TXLib [Ver: 00173a, Rev: 173, Date: 2024-06-23 22:37:05 +0400]
Copyright (C) Ded (Ilya Dedinsky, http://txlib.ru) <mail@txlib.ru>
See license on: http://txlib.ru

TXLib file:	C:\Windows\SysWOW64\TX\TXLib.h
Compiled:	Aug 23 2024 21:43:48, GNU g++ 6.3.0, std=201402L, MinGW Runtime 5.0, 32-bit, DEBUG
Started:	Aug 23 2024 21:44:39

Run file:	C:\Users\Kirill\Documents\GitHub\SquareEquation\build.exe
Directory:	C:\Users\Kirill\Documents\GitHub\SquareEquation

--------------------------------------------------

--------------------------------------------------
TXLib соболезнует...

Программа: C:\Users\Kirill\Documents\GitHub\SquareEquation\build.exe,

ВНЕЗАПНО: signal (22, 0x00): SIGABRT: Аварийное завершение программы, вызвана функция abort(). 

С помощью функции signal() вы можете сами обработать эту ошибку.

#1: TXLib [Ver: 00173a, Rev: 173, Date: 2024-06-23 22:37:05 +0400], Instance: 0x0045371C (32-bit), Flags: Cmdre0, Thread: 0x378C (Main), errno: 9 (Bad file descriptor). 

--------------------------------------------------
Стек вызовов:



--------------------------------------------------
Developed with:

The Dumb Artist Library (TX Library)
TXLib [Ver: 00173a, Rev: 173, Date: 2024-06-23 22:37:05 +0400]
Copyright (C) Ded (Ilya Dedinsky, http://txlib.ru) <mail@txlib.ru>
See license on: http://txlib.ru

TXLib file:	C:\Windows\SysWOW64\TX\TXLib.h
Compiled:	Aug 23 2024 21:46:01, GNU g++ 6.3.0, std=201402L, MinGW Runtime 5.0, 32-bit, DEBUG
Started:	Aug 23 2024 21:46:05

Run file:	C:\Users\Kirill\Documents\GitHub\SquareEquation\build.exe
Directory:	C:\Users\Kirill\Documents\GitHub\SquareEquation

--------------------------------------------------

--------------------------------------------------
TXLib соболезнует...

Программа: C:\Users\Kirill\Documents\GitHub\SquareEquation\build.exe,

ВНЕЗАПНО: signal (22, 0x00): SIGABRT: Аварийное завершение программы, вызвана функция abort(). 

С помощью функции signal() вы можете сами обработать эту ошибку.

#1: TXLib [Ver: 00173a, Rev: 173, Date: 2024-06-23 22:37:05 +0400], Instance: 0x0045371C (32-bit), Flags: Cmdre0, Thread: 0x7F0 (Main), errno: 9 (Bad file descriptor). 

--------------------------------------------------
Стек вызовов:



--------------------------------------------------
Developed with:

The Dumb Artist Library (TX Library)
TXLib [Ver: 00173a, Rev: 173, Date: 2024-06-23 22:37:05 +0400]
Copyright (C) Ded (Ilya Dedinsky, http://txlib.ru) <mail@txlib.ru>
See license on: http://txlib.ru

TXLib file:	C:\Windows\SysWOW64\TX\TXLib.h
Compiled:	Aug 23 2024 21:54:40, GNU g++ 6.3.0, std=201402L, MinGW Runtime 5.0, 32-bit, DEBUG
Started:	Aug 23 2024 21:54:47

Run file:	C:\Users\Kirill\Documents\GitHub\SquareEquation\build.exe
Directory:	C:\Users\Kirill\Documents\GitHub\SquareEquation

--------------------------------------------------

--------------------------------------------------
TXLib соболезнует...

Программа: C:\Users\Kirill\Documents\GitHub\SquareEquation\build.exe,

ВНЕЗАПНО: signal (22, 0x00): SIGABRT: Аварийное завершение программы, вызвана функция abort(). 

С помощью функции signal() вы можете сами обработать эту ошибку.

#1: TXLib [Ver: 00173a, Rev: 173, Date: 2024-06-23 22:37:05 +0400], Instance: 0x0045371C (32-bit), Flags: Cmdre0, Thread: 0x1B80 (Main), errno: 9 (Bad file descriptor). 

--------------------------------------------------
Стек вызовов:



--------------------------------------------------
Developed with:

The Dumb Artist Library (TX Library)
TXLib [Ver: 00173a, Rev: 173, Date: 2024-06-23 22:37:05 +0400]
Copyright (C) Ded (Ilya Dedinsky, http://txlib.ru) <mail@txlib.ru>
See license on: http://txlib.ru

TXLib file:	C:\Windows\SysWOW64\TX\TXLib.h
Compiled:	Aug 23 2024 22:04:49, GNU g++ 6.3.0, std=201402L, MinGW Runtime 5.0, 32-bit, DEBUG
Started:	Aug 23 2024 22:04:52

Run file:	C:\Users\Kirill\Documents\GitHub\SquareEquation\build.exe
Directory:	C:\Users\Kirill\Documents\GitHub\SquareEquation

--------------------------------------------------

--------------------------------------------------
TXLib соболезнует...

Программа: C:\Users\Kirill\Documents\GitHub\SquareEquation\build.exe,

ВНЕЗАПНО: signal (22, 0x00): SIGABRT: Аварийное завершение программы, вызвана функция abort(). 

С помощью функции signal() вы можете сами обработать эту ошибку.

#1: TXLib [Ver: 00173a, Rev: 173, Date: 2024-06-23 22:37:05 +0400], Instance: 0x0045371C (32-bit), Flags: Cmdre0, Thread: 0x5ECC (Main), errno: 9 (Bad file descriptor). 

--------------------------------------------------
Стек вызовов:



--------------------------------------------------
Developed with:

The Dumb Artist Library (TX Library)
TXLib [Ver: 00173a, Rev: 173, Date: 2024-06-23 22:37:05 +0400]
Copyright (C) Ded (Ilya Dedinsky, http://txlib.ru) <mail@txlib.ru>
See license on: http://txlib.ru

TXLib file:	C:\Windows\SysWOW64\TX\TXLib.h
Compiled:	Aug 23 2024 22:04:49, GNU g++ 6.3.0, std=201402L, MinGW Runtime 5.0, 32-bit, DEBUG
Started:	Aug 24 2024 11:49:20

Run file:	C:\Users\Kirill\Documents\GitHub\SquareEquation\build.exe
Directory:	C:\Users\Kirill\Documents\GitHub\SquareEquation

--------------------------------------------------

--------------------------------------------------
TXLib соболезнует...

Программа: C:\Users\Kirill\Documents\GitHub\SquareEquation\build.exe,

ВНЕЗАПНО: signal (22, 0x00): SIGABRT: Аварийное завершение программы, вызвана функция abort(). 

С помощью функции signal() вы можете сами обработать эту ошибку.

#1: TXLib [Ver: 00173a, Rev: 173, Date: 2024-06-23 22:37:05 +0400], Instance: 0x0045371C (32-bit), Flags: Cmdre0, Thread: 0x3EB8 (Main), errno: 9 (Bad file descriptor). 

--------------------------------------------------
Стек вызовов:



--------------------------------------------------
Developed with:

The Dumb Artist Library (TX Library)
TXLib [Ver: 00173a, Rev: 173, Date: 2024-06-23 22:37:05 +0400]
Copyright (C) Ded (Ilya Dedinsky, http://txlib.ru) <mail@txlib.ru>
See license on: http://txlib.ru

TXLib file:	C:\Windows\SysWOW64\TX\TXLib.h
Compiled:	Aug 23 2024 22:04:49, GNU g++ 6.3.0, std=201402L, MinGW Runtime 5.0, 32-bit, DEBUG
Started:	Aug 24 2024 11:49:58

Run file:	C:\Users\Kirill\Documents\GitHub\SquareEquation\build.exe
Directory:	C:\Users\Kirill\Documents\GitHub\SquareEquation

--------------------------------------------------

--------------------------------------------------
TXLib соболезнует...

Программа: C:\Users\Kirill\Documents\GitHub\SquareEquation\build.exe,

ВНЕЗАПНО: signal (22, 0x00): SIGABRT: Аварийное завершение программы, вызвана функция abort(). 

С помощью функции signal() вы можете сами обработать эту ошибку.

#1: TXLib [Ver: 00173a, Rev: 173, Date: 2024-06-23 22:37:05 +0400], Instance: 0x0045371C (32-bit), Flags: Cmdre0, Thread: 0x5070 (Main), errno: 9 (Bad file descriptor). 

--------------------------------------------------
Стек вызовов:



--------------------------------------------------
Developed with:

The Dumb Artist Library (TX Library)
TXLib [Ver: 00173a, Rev: 173, Date: 2024-06-23 22:37:05 +0400]
Copyright (C) Ded (Ilya Dedinsky, http://txlib.ru) <mail@txlib.ru>
See license on: http://txlib.ru

TXLib file:	C:\Windows\SysWOW64\TX\TXLib.h
Compiled:	Aug 24 2024 11:50:03, GNU g++ 6.3.0, std=201402L, MinGW Runtime 5.0, 32-bit, DEBUG
Started:	Aug 24 2024 11:50:07

Run file:	C:\Users\Kirill\Documents\GitHub\SquareEquation\build.exe
Directory:	C:\Users\Kirill\Documents\GitHub\SquareEquation

--------------------------------------------------

--------------------------------------------------
TXLib соболезнует...

Программа: C:\Users\Kirill\Documents\GitHub\SquareEquation\build.exe,

ВНЕЗАПНО: signal (22, 0x00): SIGABRT: Аварийное завершение программы, вызвана функция abort(). 

С помощью функции signal() вы можете сами обработать эту ошибку.

#1: TXLib [Ver: 00173a, Rev: 173, Date: 2024-06-23 22:37:05 +0400], Instance: 0x0045371C (32-bit), Flags: Cmdre0, Thread: 0x2758 (Main). 

--------------------------------------------------
Стек вызовов:



--------------------------------------------------
Developed with:

The Dumb Artist Library (TX Library)
TXLib [Ver: 00173a, Rev: 173, Date: 2024-06-23 22:37:05 +0400]
Copyright (C) Ded (Ilya Dedinsky, http://txlib.ru) <mail@txlib.ru>
See license on: http://txlib.ru

TXLib file:	C:\Windows\SysWOW64\TX\TXLib.h
Compiled:	Aug 24 2024 12:55:06, GNU g++ 6.3.0, std=201402L, MinGW Runtime 5.0, 32-bit, DEBUG
Started:	Aug 24 2024 12:55:16

Run file:	C:\Users\Kirill\Documents\GitHub\SquareEquation\build.exe
Directory:	C:\Users\Kirill\Documents\GitHub\SquareEquation

--------------------------------------------------

--------------------------------------------------
TXLib соболезнует...

Программа: C:\Users\Kirill\Documents\GitHub\SquareEquation\build.exe,

ВНЕЗАПНО: signal (22, 0x00): SIGABRT: Аварийное завершение программы, вызвана функция abort(). 

С помощью функции signal() вы можете сами обработать эту ошибку.

#1: TXLib [Ver: 00173a, Rev: 173, Date: 2024-06-23 22:37:05 +0400], Instance: 0x0045371C (32-bit), Flags: Cmdre0, Thread: 0x26D0 (Main). 

--------------------------------------------------
Стек вызовов:



--------------------------------------------------
Developed with:

The Dumb Artist Library (TX Library)
TXLib [Ver: 00173a, Rev: 173, Date: 2024-06-23 22:37:05 +0400]
Copyright (C) Ded (Ilya Dedinsky, http://txlib.ru) <mail@txlib.ru>
See license on: http://txlib.ru

TXLib file:	C:\Windows\SysWOW64\TX\TXLib.h
Compiled:	Aug 24 2024 12:57:50, GNU g++ 6.3.0, std=201402L, MinGW Runtime 5.0, 32-bit, DEBUG
Started:	Aug 24 2024 12:57:54

Run file:	C:\Users\Kirill\Documents\GitHub\SquareEquation\build.exe
Directory:	C:\Users\Kirill\Documents\GitHub\SquareEquation

--------------------------------------------------

--------------------------------------------------
TXLib соболезнует...

Программа: C:\Users\Kirill\Documents\GitHub\SquareEquation\build.exe,

ВНЕЗАПНО: signal (22, 0x00): SIGABRT: Аварийное завершение программы, вызвана функция abort(). 

С помощью функции signal() вы можете сами обработать эту ошибку.

#1: TXLib [Ver: 00173a, Rev: 173, Date: 2024-06-23 22:37:05 +0400], Instance: 0x0045371C (32-bit), Flags: Cmdre0, Thread: 0x3FB0 (Main). 

--------------------------------------------------
Стек вызовов:



--------------------------------------------------
Developed with:

The Dumb Artist Library (TX Library)
TXLib [Ver: 00173a, Rev: 173, Date: 2024-06-23 22:37:05 +0400]
Copyright (C) Ded (Ilya Dedinsky, http://txlib.ru) <mail@txlib.ru>
See license on: http://txlib.ru

TXLib file:	C:\Windows\SysWOW64\TX\TXLib.h
Compiled:	Aug 24 2024 12:57:50, GNU g++ 6.3.0, std=201402L, MinGW Runtime 5.0, 32-bit, DEBUG
Started:	Aug 24 2024 13:00:17

Run file:	C:\Users\Kirill\Documents\GitHub\SquareEquation\build.exe
Directory:	C:\Users\Kirill\Documents\GitHub\SquareEquation

--------------------------------------------------

--------------------------------------------------
TXLib предупреждает:

Программа: C:\Users\Kirill\Documents\GitHub\SquareEquation\build.exe,

ВНЕЗАПНО: Недопустимая операция с плавающей точкой.

#1: Исключение EXCEPTION_FLT_INVALID_OPERATION (0xC0000090) при выполнении кода по адресу 0x0042D6A0. Спасибо _txVectoredExceptionHandler(), что сообщил. Люблю его <3

#1: TXLib [Ver: 00173a, Rev: 173, Date: 2024-06-23 22:37:05 +0400], Instance: 0x0045371C (32-bit), Flags: Cmdre0, Thread: 0x147C (Main). 

--------------------------------------------------
Стек вызовов:



--------------------------------------------------
Developed with:

The Dumb Artist Library (TX Library)
TXLib [Ver: 00173a, Rev: 173, Date: 2024-06-23 22:37:05 +0400]
Copyright (C) Ded (Ilya Dedinsky, http://txlib.ru) <mail@txlib.ru>
See license on: http://txlib.ru

TXLib file:	C:\Windows\SysWOW64\TX\TXLib.h
Compiled:	Aug 24 2024 13:31:13, GNU g++ 6.3.0, std=201402L, MinGW Runtime 5.0, 32-bit, DEBUG
Started:	Aug 24 2024 13:31:16

Run file:	C:\Users\Kirill\Documents\GitHub\SquareEquation\build.exe
Directory:	C:\Users\Kirill\Documents\GitHub\SquareEquation

--------------------------------------------------

--------------------------------------------------
TXLib соболезнует...

Программа: C:\Users\Kirill\Documents\GitHub\SquareEquation\build.exe,

ВНЕЗАПНО: signal (8, 0x00): SIGFPE: Грубая ошибка в вычислениях. 

Недопустимая операция с плавающей точкой.

#1: Исключение EXCEPTION_FLT_INVALID_OPERATION (0xC0000090) при выполнении кода по адресу 0x0042D6A0. Спасибо _txVectoredExceptionHandler(), что сообщил. Люблю его <3

С помощью функции signal() вы можете сами обработать эту ошибку.

#2: TXLib [Ver: 00173a, Rev: 173, Date: 2024-06-23 22:37:05 +0400], Instance: 0x0045371C (32-bit), Flags: Cmdre0, Thread: 0x147C (Main). 

--------------------------------------------------
Стек вызовов:



--------------------------------------------------
Developed with:

The Dumb Artist Library (TX Library)
TXLib [Ver: 00173a, Rev: 173, Date: 2024-06-23 22:37:05 +0400]
Copyright (C) Ded (Ilya Dedinsky, http://txlib.ru) <mail@txlib.ru>
See license on: http://txlib.ru

TXLib file:	C:\Windows\SysWOW64\TX\TXLib.h
Compiled:	Aug 24 2024 13:31:13, GNU g++ 6.3.0, std=201402L, MinGW Runtime 5.0, 32-bit, DEBUG
Started:	Aug 24 2024 13:31:16

Run file:	C:\Users\Kirill\Documents\GitHub\SquareEquation\build.exe
Directory:	C:\Users\Kirill\Documents\GitHub\SquareEquation

--------------------------------------------------

--------------------------------------------------
TXLib предупреждает:

Программа: C:\Users\Kirill\Documents\GitHub\SquareEquation\build.exe,

ВНЕЗАПНО: Недопустимая операция с плавающей точкой.

#1: Исключение EXCEPTION_FLT_INVALID_OPERATION (0xC0000090) при выполнении кода по адресу 0x0042D6A0. Спасибо _txVectoredExceptionHandler(), что сообщил. Люблю его <3

#1: TXLib [Ver: 00173a, Rev: 173, Date: 2024-06-23 22:37:05 +0400], Instance: 0x0045371C (32-bit), Flags: Cmdre0, Thread: 0x3938 (Main). 

--------------------------------------------------
Стек вызовов:



--------------------------------------------------
Developed with:

The Dumb Artist Library (TX Library)
TXLib [Ver: 00173a, Rev: 173, Date: 2024-06-23 22:37:05 +0400]
Copyright (C) Ded (Ilya Dedinsky, http://txlib.ru) <mail@txlib.ru>
See license on: http://txlib.ru

TXLib file:	C:\Windows\SysWOW64\TX\TXLib.h
Compiled:	Aug 24 2024 13:31:43, GNU g++ 6.3.0, std=201402L, MinGW Runtime 5.0, 32-bit, DEBUG
Started:	Aug 24 2024 13:31:46

Run file:	C:\Users\Kirill\Documents\GitHub\SquareEquation\build.exe
Directory:	C:\Users\Kirill\Documents\GitHub\SquareEquation

--------------------------------------------------

--------------------------------------------------
TXLib соболезнует...

Программа: C:\Users\Kirill\Documents\GitHub\SquareEquation\build.exe,

ВНЕЗАПНО: signal (8, 0x00): SIGFPE: Грубая ошибка в вычислениях. 

Недопустимая операция с плавающей точкой.

#1: Исключение EXCEPTION_FLT_INVALID_OPERATION (0xC0000090) при выполнении кода по адресу 0x0042D6A0. Спасибо _txVectoredExceptionHandler(), что сообщил. Люблю его <3

С помощью функции signal() вы можете сами обработать эту ошибку.

#2: TXLib [Ver: 00173a, Rev: 173, Date: 2024-06-23 22:37:05 +0400], Instance: 0x0045371C (32-bit), Flags: Cmdre0, Thread: 0x3938 (Main). 

--------------------------------------------------
Стек вызовов:



--------------------------------------------------
Developed with:

The Dumb Artist Library (TX Library)
TXLib [Ver: 00173a, Rev: 173, Date: 2024-06-23 22:37:05 +0400]
Copyright (C) Ded (Ilya Dedinsky, http://txlib.ru) <mail@txlib.ru>
See license on: http://txlib.ru

TXLib file:	C:\Windows\SysWOW64\TX\TXLib.h
Compiled:	Aug 24 2024 13:31:43, GNU g++ 6.3.0, std=201402L, MinGW Runtime 5.0, 32-bit, DEBUG
Started:	Aug 24 2024 13:31:46

Run file:	C:\Users\Kirill\Documents\GitHub\SquareEquation\build.exe
Directory:	C:\Users\Kirill\Documents\GitHub\SquareEquation

--------------------------------------------------

--------------------------------------------------
TXLib предупреждает:

Программа: C:\Users\Kirill\Documents\GitHub\SquareEquation\build.exe,

ВНЕЗАПНО: Целочисленное деление на ноль.

#1: Исключение EXCEPTION_INT_DIVIDE_BY_ZERO (0xC0000094) при выполнении кода по адресу 0x0042C310. Спасибо _txVectoredExceptionHandler(), что сообщил. Люблю его <3

#1: TXLib [Ver: 00173a, Rev: 173, Date: 2024-06-23 22:37:05 +0400], Instance: 0x0045371C (32-bit), Flags: Cmdre0, Thread: 0x5E98 (Main). 

--------------------------------------------------
Стек вызовов:



--------------------------------------------------
Developed with:

The Dumb Artist Library (TX Library)
TXLib [Ver: 00173a, Rev: 173, Date: 2024-06-23 22:37:05 +0400]
Copyright (C) Ded (Ilya Dedinsky, http://txlib.ru) <mail@txlib.ru>
See license on: http://txlib.ru

TXLib file:	C:\Windows\SysWOW64\TX\TXLib.h
Compiled:	Aug 24 2024 13:33:09, GNU g++ 6.3.0, std=201402L, MinGW Runtime 5.0, 32-bit, DEBUG
Started:	Aug 24 2024 13:33:13

Run file:	C:\Users\Kirill\Documents\GitHub\SquareEquation\build.exe
Directory:	C:\Users\Kirill\Documents\GitHub\SquareEquation

--------------------------------------------------

--------------------------------------------------
TXLib соболезнует...

Программа: C:\Users\Kirill\Documents\GitHub\SquareEquation\build.exe,

ВНЕЗАПНО: Целочисленное деление на ноль.

#1: Исключение EXCEPTION_INT_DIVIDE_BY_ZERO (0xC0000094) при выполнении кода по адресу 0x0042C310. Спасибо _txVectoredExceptionHandler(), что сообщил. Люблю его <3

С помощью функции _set_se_translator() вы можете сами обработать эту ошибку.

#2: TXLib [Ver: 00173a, Rev: 173, Date: 2024-06-23 22:37:05 +0400], Instance: 0x0045371C (32-bit), Flags: Cmdre0, Thread: 0x5E98 (Main). 

--------------------------------------------------
Стек вызовов:



--------------------------------------------------
Developed with:

The Dumb Artist Library (TX Library)
TXLib [Ver: 00173a, Rev: 173, Date: 2024-06-23 22:37:05 +0400]
Copyright (C) Ded (Ilya Dedinsky, http://txlib.ru) <mail@txlib.ru>
See license on: http://txlib.ru

TXLib file:	C:\Windows\SysWOW64\TX\TXLib.h
Compiled:	Aug 24 2024 13:33:09, GNU g++ 6.3.0, std=201402L, MinGW Runtime 5.0, 32-bit, DEBUG
Started:	Aug 24 2024 13:33:13

Run file:	C:\Users\Kirill\Documents\GitHub\SquareEquation\build.exe
Directory:	C:\Users\Kirill\Documents\GitHub\SquareEquation

--------------------------------------------------

--------------------------------------------------
TXLib предупреждает:

Программа: C:\Users\Kirill\Documents\GitHub\SquareEquation\build.exe,

ВНЕЗАПНО: Недопустимая операция с плавающей точкой.

#1: Исключение EXCEPTION_FLT_INVALID_OPERATION (0xC0000090) при выполнении кода по адресу 0x0042D6A0. Спасибо _txVectoredExceptionHandler(), что сообщил. Люблю его <3

#1: TXLib [Ver: 00173a, Rev: 173, Date: 2024-06-23 22:37:05 +0400], Instance: 0x0045371C (32-bit), Flags: Cmdre0, Thread: 0x5844 (Main). 

--------------------------------------------------
Стек вызовов:



--------------------------------------------------
Developed with:

The Dumb Artist Library (TX Library)
TXLib [Ver: 00173a, Rev: 173, Date: 2024-06-23 22:37:05 +0400]
Copyright (C) Ded (Ilya Dedinsky, http://txlib.ru) <mail@txlib.ru>
See license on: http://txlib.ru

TXLib file:	C:\Windows\SysWOW64\TX\TXLib.h
Compiled:	Aug 24 2024 13:37:06, GNU g++ 6.3.0, std=201402L, MinGW Runtime 5.0, 32-bit, DEBUG
Started:	Aug 24 2024 13:37:11

Run file:	C:\Users\Kirill\Documents\GitHub\SquareEquation\build.exe
Directory:	C:\Users\Kirill\Documents\GitHub\SquareEquation

--------------------------------------------------

--------------------------------------------------
TXLib соболезнует...

Программа: C:\Users\Kirill\Documents\GitHub\SquareEquation\build.exe,

ВНЕЗАПНО: signal (8, 0x00): SIGFPE: Грубая ошибка в вычислениях. 

Недопустимая операция с плавающей точкой.

#1: Исключение EXCEPTION_FLT_INVALID_OPERATION (0xC0000090) при выполнении кода по адресу 0x0042D6A0. Спасибо _txVectoredExceptionHandler(), что сообщил. Люблю его <3

С помощью функции signal() вы можете сами обработать эту ошибку.

#2: TXLib [Ver: 00173a, Rev: 173, Date: 2024-06-23 22:37:05 +0400], Instance: 0x0045371C (32-bit), Flags: Cmdre0, Thread: 0x5844 (Main). 

--------------------------------------------------
Стек вызовов:



--------------------------------------------------
Developed with:

The Dumb Artist Library (TX Library)
TXLib [Ver: 00173a, Rev: 173, Date: 2024-06-23 22:37:05 +0400]
Copyright (C) Ded (Ilya Dedinsky, http://txlib.ru) <mail@txlib.ru>
See license on: http://txlib.ru

TXLib file:	C:\Windows\SysWOW64\TX\TXLib.h
Compiled:	Aug 24 2024 13:37:06, GNU g++ 6.3.0, std=201402L, MinGW Runtime 5.0, 32-bit, DEBUG
Started:	Aug 24 2024 13:37:11

Run file:	C:\Users\Kirill\Documents\GitHub\SquareEquation\build.exe
Directory:	C:\Users\Kirill\Documents\GitHub\SquareEquation

--------------------------------------------------

--------------------------------------------------
TXLib предупреждает:

Программа: C:\Users\Kirill\Documents\GitHub\SquareEquation\build.exe,

ВНЕЗАПНО: Нарушение доступа к памяти.

#1: Исключение EXCEPTION_ACCESS_VIOLATION (0xC0000005) при выполнении кода по адресу 0x75DAE6DE. Попытка прочесть данные по адресу 0x00000006. Спасибо _txVectoredExceptionHandler(), что сообщил. Люблю его <3

#1: TXLib [Ver: 00173a, Rev: 173, Date: 2024-06-23 22:37:05 +0400], Instance: 0x0045371C (32-bit), Flags: Cmdre0, Thread: 0x5C84 (Main). 

--------------------------------------------------
Стек вызовов:



--------------------------------------------------
Developed with:

The Dumb Artist Library (TX Library)
TXLib [Ver: 00173a, Rev: 173, Date: 2024-06-23 22:37:05 +0400]
Copyright (C) Ded (Ilya Dedinsky, http://txlib.ru) <mail@txlib.ru>
See license on: http://txlib.ru

TXLib file:	C:\Windows\SysWOW64\TX\TXLib.h
Compiled:	Aug 24 2024 13:47:42, GNU g++ 6.3.0, std=201402L, MinGW Runtime 5.0, 32-bit, DEBUG
Started:	Aug 24 2024 13:50:33

Run file:	C:\Users\Kirill\Documents\GitHub\SquareEquation\build.exe
Directory:	C:\Users\Kirill\Documents\GitHub\SquareEquation

--------------------------------------------------

--------------------------------------------------
TXLib соболезнует...

Программа: C:\Users\Kirill\Documents\GitHub\SquareEquation\build.exe,

ВНЕЗАПНО: signal (11, 0x00): SIGSEGV: Доступ по неверному указателю. Ставьте ассерты! 

Нарушение доступа к памяти.

#1: Исключение EXCEPTION_ACCESS_VIOLATION (0xC0000005) при выполнении кода по адресу 0x75DAE6DE. Попытка прочесть данные по адресу 0x00000006. Спасибо _txVectoredExceptionHandler(), что сообщил. Люблю его <3

С помощью функции signal() вы можете сами обработать эту ошибку.

#2: TXLib [Ver: 00173a, Rev: 173, Date: 2024-06-23 22:37:05 +0400], Instance: 0x0045371C (32-bit), Flags: Cmdre0, Thread: 0x5C84 (Main). 

--------------------------------------------------
Стек вызовов:



--------------------------------------------------
Developed with:

The Dumb Artist Library (TX Library)
TXLib [Ver: 00173a, Rev: 173, Date: 2024-06-23 22:37:05 +0400]
Copyright (C) Ded (Ilya Dedinsky, http://txlib.ru) <mail@txlib.ru>
See license on: http://txlib.ru

TXLib file:	C:\Windows\SysWOW64\TX\TXLib.h
Compiled:	Aug 24 2024 13:47:42, GNU g++ 6.3.0, std=201402L, MinGW Runtime 5.0, 32-bit, DEBUG
Started:	Aug 24 2024 13:50:33

Run file:	C:\Users\Kirill\Documents\GitHub\SquareEquation\build.exe
Directory:	C:\Users\Kirill\Documents\GitHub\SquareEquation

--------------------------------------------------
