
--------------------------------------------------
TXLib соболезнует...

Программа: C:\Users\Kirill\Documents\GitHub\SquareEquation\debug.exe, файл: main.cpp, строка: 42, функция: int main(int, char**),

Сообщение: ВНЕЗАПНО: Логическая ошибка: Неверно, что "0".

#1: TXLib [Ver: 00173a, Rev: 173, Date: 2024-06-23 22:37:05 +0400], Instance: 0x0045371C (32-bit), Flags: Cmdre0, Thread: 0x25E0 (Main). 

--------------------------------------------------
Стек вызовов:



--------------------------------------------------
Developed with:

The Dumb Artist Library (TX Library)
TXLib [Ver: 00173a, Rev: 173, Date: 2024-06-23 22:37:05 +0400]
Copyright (C) Ded (Ilya Dedinsky, http://txlib.ru) <mail@txlib.ru>
See license on: http://txlib.ru

TXLib file:	C:\Windows\SysWOW64\TX\TXLib.h
Compiled:	Aug 26 2024 17:27:43, GNU g++ 6.3.0, std=201402L, MinGW Runtime 5.0, 32-bit, DEBUG
Started:	Aug 26 2024 17:27:47

Run file:	C:\Users\Kirill\Documents\GitHub\SquareEquation\debug.exe
Directory:	C:\Users\Kirill\Documents\GitHub\SquareEquation

--------------------------------------------------

--------------------------------------------------
TXLib соболезнует...

Программа: C:\Users\Kirill\Documents\GitHub\SquareEquation\debug.exe, файл: main.cpp, строка: 42, функция: int main(int, char**),

Сообщение: ВНЕЗАПНО: Логическая ошибка: Неверно, что "0".

#1: TXLib [Ver: 00173a, Rev: 173, Date: 2024-06-23 22:37:05 +0400], Instance: 0x0045371C (32-bit), Flags: Cmdre0, Thread: 0x18F0 (Main). 

--------------------------------------------------
Стек вызовов:



--------------------------------------------------
Developed with:

The Dumb Artist Library (TX Library)
TXLib [Ver: 00173a, Rev: 173, Date: 2024-06-23 22:37:05 +0400]
Copyright (C) Ded (Ilya Dedinsky, http://txlib.ru) <mail@txlib.ru>
See license on: http://txlib.ru

TXLib file:	C:\Windows\SysWOW64\TX\TXLib.h
Compiled:	Aug 26 2024 17:32:50, GNU g++ 6.3.0, std=201402L, MinGW Runtime 5.0, 32-bit, DEBUG
Started:	Aug 26 2024 17:32:55

Run file:	C:\Users\Kirill\Documents\GitHub\SquareEquation\debug.exe
Directory:	C:\Users\Kirill\Documents\GitHub\SquareEquation

--------------------------------------------------

--------------------------------------------------
TXLib соболезнует...

Программа: C:\Users\Kirill\Documents\GitHub\SquareEquation\debug.exe, файл: main.cpp, строка: 42, функция: int main(int, char**),

Сообщение: ВНЕЗАПНО: Логическая ошибка: Неверно, что "0".

#1: TXLib [Ver: 00173a, Rev: 173, Date: 2024-06-23 22:37:05 +0400], Instance: 0x0045371C (32-bit), Flags: Cmdre0, Thread: 0x5620 (Main). 

--------------------------------------------------
Стек вызовов:



--------------------------------------------------
Developed with:

The Dumb Artist Library (TX Library)
TXLib [Ver: 00173a, Rev: 173, Date: 2024-06-23 22:37:05 +0400]
Copyright (C) Ded (Ilya Dedinsky, http://txlib.ru) <mail@txlib.ru>
See license on: http://txlib.ru

TXLib file:	C:\Windows\SysWOW64\TX\TXLib.h
Compiled:	Aug 26 2024 17:32:50, GNU g++ 6.3.0, std=201402L, MinGW Runtime 5.0, 32-bit, DEBUG
Started:	Aug 26 2024 17:40:50

Run file:	C:\Users\Kirill\Documents\GitHub\SquareEquation\debug.exe
Directory:	C:\Users\Kirill\Documents\GitHub\SquareEquation

--------------------------------------------------

--------------------------------------------------
TXLib соболезнует...

Программа: C:\Users\Kirill\Documents\GitHub\SquareEquation\debug.exe,

ВНЕЗАПНО: signal (22, 0x00): SIGABRT: Аварийное завершение программы, вызвана функция abort(). 

С помощью функции signal() вы можете сами обработать эту ошибку.

#1: TXLib [Ver: 00173a, Rev: 173, Date: 2024-06-23 22:37:05 +0400], Instance: 0x0045371C (32-bit), Flags: Cmdre0, Thread: 0x5354 (Main). 

--------------------------------------------------
Стек вызовов:



--------------------------------------------------
Developed with:

The Dumb Artist Library (TX Library)
TXLib [Ver: 00173a, Rev: 173, Date: 2024-06-23 22:37:05 +0400]
Copyright (C) Ded (Ilya Dedinsky, http://txlib.ru) <mail@txlib.ru>
See license on: http://txlib.ru

TXLib file:	C:\Windows\SysWOW64\TX\TXLib.h
Compiled:	Aug 26 2024 19:44:18, GNU g++ 6.3.0, std=201402L, MinGW Runtime 5.0, 32-bit, DEBUG
Started:	Aug 26 2024 19:44:24

Run file:	C:\Users\Kirill\Documents\GitHub\SquareEquation\debug.exe
Directory:	C:\Users\Kirill\Documents\GitHub\SquareEquation

--------------------------------------------------
